INFO:  latexindent version 3.18, 2022-06-12, a script to indent .tex files
       latexindent lives here: /home/thu/.local/texlive/texmf-dist/scripts/latexindent/
       Wed Jun 29 17:02:30 2022
       Filename: /home/thu/Documents/WCCM15/results/__latexindent_temp.tex
INFO:  Processing switches:
       -y|--yaml: YAML settings specified via command line
       -c|--cruft: cruft directory
INFO:  Directory for backup files and /home/thu/Documents/WCCM15//indent.log:
       /home/thu/Documents/WCCM15/
INFO:  YAML settings read: defaultSettings.yaml
       Reading defaultSettings.yaml from /home/thu/.local/texlive/texmf-dist/scripts/latexindent/defaultSettings.yaml
INFO:  YAML settings read: indentconfig.yaml or .indentconfig.yaml
       Home directory is /home/thu (didn't find either indentconfig.yaml or .indentconfig.yaml)
       To specify user settings you would put indentconfig.yaml here: /home/thu/indentconfig.yaml
       Alternatively, you can use the hidden file .indentconfig.yaml as: /home/thu/.indentconfig.yaml
INFO:  YAML settings read: -y switch
       YAML setting: defaultIndent:'    '
       single-quoted string found in -y switch: '    ', substitute to     
       Updating mainSettings with defaultIndent:     
INFO:  Phase 1: searching for objects
INFO:  Phase 2: finding surrounding indentation
INFO:  Phase 3: indenting objects
INFO:  Phase 4: final indentation check
INFO:  Output routine:
       Not outputting to file; see -w and -o switches for more options.
       --------------
INFO:  Please direct all communication/issues to:
        https://github.com/cmhughes/latexindent.pl
